0 info it worked if it ends with ok
1 verbose cli [ '/Volumes/HDStorage/Users/ddoherty/.nvm/versions/node/v6.9.5/bin/node',
1 verbose cli   '/Volumes/HDStorage/Users/ddoherty/.nvm/versions/node/v6.9.5/bin/npm',
1 verbose cli   'start' ]
2 info using npm@3.10.10
3 info using node@v6.9.5
4 verbose run-script [ 'prestart', 'start', 'poststart' ]
5 info lifecycle btxauthserver@1.0.0~prestart: btxauthserver@1.0.0
6 silly lifecycle btxauthserver@1.0.0~prestart: no script for prestart, continuing
7 info lifecycle btxauthserver@1.0.0~start: btxauthserver@1.0.0
8 verbose lifecycle btxauthserver@1.0.0~start: unsafe-perm in lifecycle true
9 verbose lifecycle btxauthserver@1.0.0~start: PATH: /Volumes/HDStorage/Users/ddoherty/.nvm/versions/node/v6.9.5/lib/node_modules/npm/bin/node-gyp-bin:/Volumes/HDStorage/Users/ddoherty/Bitwixt/AtomsmithProducts/TestCode/btx-auth-server/node_modules/.bin:/Volumes/HDStorage/Users/ddoherty/.cargo/bin:/Volumes/HDStorage/Users/ddoherty/.rvm/gems/ruby-2.6.1/bin:/Volumes/HDStorage/Users/ddoherty/.rvm/gems/ruby-2.6.1@global/bin:/Volumes/HDStorage/Users/ddoherty/.rvm/rubies/ruby-2.6.1/bin:/Library/Frameworks/Python.framework/Versions/3.6/bin:/Library/Frameworks/Python.framework/Versions/2.7/bin:/opt/local/bin:/opt/local/sbin:/usr/local/opt/openssl/bin:/Volumes/HDStorage/Users/ddoherty/.nvm/versions/node/v6.9.5/bin:/usr/local/bin:/Library/Frameworks/Python.framework/Versions/2.7/bin:/usr/local/bin:/usr/bin:/bin:/usr/sbin:/sbin:/opt/X11/bin:/Volumes/HDStorage/Users/ddoherty/bin:/Volumes/HDStorage/Users/ddoherty/Bitwixt/MongoDB/mongodb-osx-x86_64-3.6.3/bin:/Applications/Inkscape.app/Contents/Resources/bin:/Volumes/HDStorage/Users/ddoherty/Bitwixt/MongoDB/mongodb-osx-x86_64-3.6.3:/Volumes/HDStorage/Users/ddoherty/Bitwixt/Development/Tools/emscripten/emsdk-portable:/Volumes/HDStorage/Users/ddoherty/Bitwixt/Development/Tools/emscripten/emsdk-portable/clang/e1.38.26_64bit:/Volumes/HDStorage/Users/ddoherty/Bitwixt/Development/Tools/emscripten/emsdk-portable/node/8.9.1_64bit/bin:/Volumes/HDStorage/Users/ddoherty/Bitwixt/Development/Tools/emscripten/emsdk-portable/emscripten/1.38.26:/Volumes/HDStorage/Users/ddoherty/.ec2/bin:/Volumes/HDStorage/Users/ddoherty/.rvm/bin
10 verbose lifecycle btxauthserver@1.0.0~start: CWD: /Volumes/HDStorage/Users/ddoherty/Bitwixt/AtomsmithProducts/TestCode/btx-auth-server
11 silly lifecycle btxauthserver@1.0.0~start: Args: [ '-c', 'NODE_ENV=production node ./server' ]
12 silly lifecycle btxauthserver@1.0.0~start: Returned: code: 1  signal: null
13 info lifecycle btxauthserver@1.0.0~start: Failed to exec start script
14 verbose stack Error: btxauthserver@1.0.0 start: `NODE_ENV=production node ./server`
14 verbose stack Exit status 1
14 verbose stack     at EventEmitter.<anonymous> (/Volumes/HDStorage/Users/ddoherty/.nvm/versions/node/v6.9.5/lib/node_modules/npm/lib/utils/lifecycle.js:255:16)
14 verbose stack     at emitTwo (events.js:106:13)
14 verbose stack     at EventEmitter.emit (events.js:191:7)
14 verbose stack     at ChildProcess.<anonymous> (/Volumes/HDStorage/Users/ddoherty/.nvm/versions/node/v6.9.5/lib/node_modules/npm/lib/utils/spawn.js:40:14)
14 verbose stack     at emitTwo (events.js:106:13)
14 verbose stack     at ChildProcess.emit (events.js:191:7)
14 verbose stack     at maybeClose (internal/child_process.js:877:16)
14 verbose stack     at Process.ChildProcess._handle.onexit (internal/child_process.js:226:5)
15 verbose pkgid btxauthserver@1.0.0
16 verbose cwd /Volumes/HDStorage/Users/ddoherty/Bitwixt/AtomsmithProducts/TestCode/btx-auth-server
17 error Darwin 17.7.0
18 error argv "/Volumes/HDStorage/Users/ddoherty/.nvm/versions/node/v6.9.5/bin/node" "/Volumes/HDStorage/Users/ddoherty/.nvm/versions/node/v6.9.5/bin/npm" "start"
19 error node v6.9.5
20 error npm  v3.10.10
21 error code ELIFECYCLE
22 error btxauthserver@1.0.0 start: `NODE_ENV=production node ./server`
22 error Exit status 1
23 error Failed at the btxauthserver@1.0.0 start script 'NODE_ENV=production node ./server'.
23 error Make sure you have the latest version of node.js and npm installed.
23 error If you do, this is most likely a problem with the btxauthserver package,
23 error not with npm itself.
23 error Tell the author that this fails on your system:
23 error     NODE_ENV=production node ./server
23 error You can get information on how to open an issue for this project with:
23 error     npm bugs btxauthserver
23 error Or if that isn't available, you can get their info via:
23 error     npm owner ls btxauthserver
23 error There is likely additional logging output above.
24 verbose exit [ 1, true ]
